Connecting to database specified by database.yml
Connecting to database specified by database.yml


Started GET "/static_pages/about" for 10.0.2.2 at 2013-03-13 13:15:43 +0000
Connecting to database specified by database.yml
Processing by StaticPagesController#about as HTML
  Rendered static_pages/about.html.erb within layouts/application (11.0ms)
Compiled static_pages.css  (504ms)  (pid 2000)
Compiled application.css  (620ms)  (pid 2000)
Compiled jquery.js  (2ms)  (pid 2000)
Compiled jquery_ujs.js  (0ms)  (pid 2000)
Compiled static_pages.js  (541ms)  (pid 2000)
Compiled application.js  (1037ms)  (pid 2000)
Completed 200 OK in 2531ms (Views: 2529.7ms | ActiveRecord: 0.0ms)


Started GET "/assets/application.css?body=1" for 10.0.2.2 at 2013-03-13 13:15:47 +0000
Served asset /application.css - 200 OK (31ms)


Started GET "/assets/application.js?body=1" for 10.0.2.2 at 2013-03-13 13:15:47 +0000
Served asset /application.js - 200 OK (74ms)


Started GET "/assets/jquery_ujs.js?body=1" for 10.0.2.2 at 2013-03-13 13:15:47 +0000
Served asset /jquery_ujs.js - 200 OK (32ms)


Started GET "/assets/static_pages.js?body=1" for 10.0.2.2 at 2013-03-13 13:15:48 +0000
Served asset /static_pages.js - 200 OK (17ms)


Started GET "/assets/jquery.js?body=1" for 10.0.2.2 at 2013-03-13 13:15:48 +0000
Served asset /jquery.js - 200 OK (38ms)


Started GET "/assets/static_pages.css?body=1" for 10.0.2.2 at 2013-03-13 13:15:48 +0000
Served asset /static_pages.css - 200 OK (25ms)
Connecting to database specified by database.yml


Started GET "/" for 10.0.2.2 at 2013-04-12 11:08:21 +0100
Connecting to database specified by database.yml

ActionController::RoutingError (No route matches [GET] "/"):
  actionpack (3.2.12) lib/action_dispatch/middleware/debug_exceptions.rb:21:in `call'
  actionpack (3.2.12) lib/action_dispatch/middleware/show_exceptions.rb:56:in `call'
  railties (3.2.12) lib/rails/rack/logger.rb:32:in `call_app'
  railties (3.2.12) lib/rails/rack/logger.rb:16:in `block in call'
  activesupport (3.2.12) lib/active_support/tagged_logging.rb:22:in `tagged'
  railties (3.2.12) lib/rails/rack/logger.rb:16:in `call'
  actionpack (3.2.12) lib/action_dispatch/middleware/request_id.rb:22:in `call'
  rack (1.4.5) lib/rack/methodoverride.rb:21:in `call'
  rack (1.4.5) lib/rack/runtime.rb:17:in `call'
  activesupport (3.2.12) lib/active_support/cache/strategy/local_cache.rb:72:in `call'
  rack (1.4.5) lib/rack/lock.rb:15:in `call'
  actionpack (3.2.12) lib/action_dispatch/middleware/static.rb:62:in `call'
  railties (3.2.12) lib/rails/engine.rb:479:in `call'
  railties (3.2.12) lib/rails/application.rb:223:in `call'
  rack (1.4.5) lib/rack/content_length.rb:14:in `call'
  railties (3.2.12) lib/rails/rack/log_tailer.rb:17:in `call'
  rack (1.4.5) lib/rack/handler/webrick.rb:59:in `service'
  /home/alu3837/.rvm/rubies/ruby-1.9.3-p385/lib/ruby/1.9.1/webrick/httpserver.rb:138:in `service'
  /home/alu3837/.rvm/rubies/ruby-1.9.3-p385/lib/ruby/1.9.1/webrick/httpserver.rb:94:in `run'
  /home/alu3837/.rvm/rubies/ruby-1.9.3-p385/lib/ruby/1.9.1/webrick/server.rb:191:in `block in start_thread'


  Rendered /home/alu3837/.rvm/gems/ruby-1.9.3-p385/gems/actionpack-3.2.12/lib/action_dispatch/middleware/templates/rescues/routing_error.erb within rescues/layout (9.2ms)


Started GET "/static_pages" for 10.0.2.2 at 2013-04-12 11:08:29 +0100

ActionController::RoutingError (No route matches [GET] "/static_pages"):
  actionpack (3.2.12) lib/action_dispatch/middleware/debug_exceptions.rb:21:in `call'
  actionpack (3.2.12) lib/action_dispatch/middleware/show_exceptions.rb:56:in `call'
  railties (3.2.12) lib/rails/rack/logger.rb:32:in `call_app'
  railties (3.2.12) lib/rails/rack/logger.rb:16:in `block in call'
  activesupport (3.2.12) lib/active_support/tagged_logging.rb:22:in `tagged'
  railties (3.2.12) lib/rails/rack/logger.rb:16:in `call'
  actionpack (3.2.12) lib/action_dispatch/middleware/request_id.rb:22:in `call'
  rack (1.4.5) lib/rack/methodoverride.rb:21:in `call'
  rack (1.4.5) lib/rack/runtime.rb:17:in `call'
  activesupport (3.2.12) lib/active_support/cache/strategy/local_cache.rb:72:in `call'
  rack (1.4.5) lib/rack/lock.rb:15:in `call'
  actionpack (3.2.12) lib/action_dispatch/middleware/static.rb:62:in `call'
  railties (3.2.12) lib/rails/engine.rb:479:in `call'
  railties (3.2.12) lib/rails/application.rb:223:in `call'
  rack (1.4.5) lib/rack/content_length.rb:14:in `call'
  railties (3.2.12) lib/rails/rack/log_tailer.rb:17:in `call'
  rack (1.4.5) lib/rack/handler/webrick.rb:59:in `service'
  /home/alu3837/.rvm/rubies/ruby-1.9.3-p385/lib/ruby/1.9.1/webrick/httpserver.rb:138:in `service'
  /home/alu3837/.rvm/rubies/ruby-1.9.3-p385/lib/ruby/1.9.1/webrick/httpserver.rb:94:in `run'
  /home/alu3837/.rvm/rubies/ruby-1.9.3-p385/lib/ruby/1.9.1/webrick/server.rb:191:in `block in start_thread'


  Rendered /home/alu3837/.rvm/gems/ruby-1.9.3-p385/gems/actionpack-3.2.12/lib/action_dispatch/middleware/templates/rescues/routing_error.erb within rescues/layout (0.7ms)


Started GET "/" for 10.0.2.2 at 2013-04-12 11:08:35 +0100

ActionController::RoutingError (No route matches [GET] "/"):
  actionpack (3.2.12) lib/action_dispatch/middleware/debug_exceptions.rb:21:in `call'
  actionpack (3.2.12) lib/action_dispatch/middleware/show_exceptions.rb:56:in `call'
  railties (3.2.12) lib/rails/rack/logger.rb:32:in `call_app'
  railties (3.2.12) lib/rails/rack/logger.rb:16:in `block in call'
  activesupport (3.2.12) lib/active_support/tagged_logging.rb:22:in `tagged'
  railties (3.2.12) lib/rails/rack/logger.rb:16:in `call'
  actionpack (3.2.12) lib/action_dispatch/middleware/request_id.rb:22:in `call'
  rack (1.4.5) lib/rack/methodoverride.rb:21:in `call'
  rack (1.4.5) lib/rack/runtime.rb:17:in `call'
  activesupport (3.2.12) lib/active_support/cache/strategy/local_cache.rb:72:in `call'
  rack (1.4.5) lib/rack/lock.rb:15:in `call'
  actionpack (3.2.12) lib/action_dispatch/middleware/static.rb:62:in `call'
  railties (3.2.12) lib/rails/engine.rb:479:in `call'
  railties (3.2.12) lib/rails/application.rb:223:in `call'
  rack (1.4.5) lib/rack/content_length.rb:14:in `call'
  railties (3.2.12) lib/rails/rack/log_tailer.rb:17:in `call'
  rack (1.4.5) lib/rack/handler/webrick.rb:59:in `service'
  /home/alu3837/.rvm/rubies/ruby-1.9.3-p385/lib/ruby/1.9.1/webrick/httpserver.rb:138:in `service'
  /home/alu3837/.rvm/rubies/ruby-1.9.3-p385/lib/ruby/1.9.1/webrick/httpserver.rb:94:in `run'
  /home/alu3837/.rvm/rubies/ruby-1.9.3-p385/lib/ruby/1.9.1/webrick/server.rb:191:in `block in start_thread'


  Rendered /home/alu3837/.rvm/gems/ruby-1.9.3-p385/gems/actionpack-3.2.12/lib/action_dispatch/middleware/templates/rescues/routing_error.erb within rescues/layout (0.5ms)


Started GET "/static_pages/home" for 10.0.2.2 at 2013-04-12 11:08:47 +0100
Processing by StaticPagesController#home as HTML
  Rendered static_pages/home.html.erb within layouts/application (0.9ms)
Completed 200 OK in 597ms (Views: 596.9ms | ActiveRecord: 0.0ms)


Started GET "/assets/application.css?body=1" for 10.0.2.2 at 2013-04-12 11:08:48 +0100
Served asset /application.css - 200 OK (25ms)


Started GET "/assets/application.js?body=1" for 10.0.2.2 at 2013-04-12 11:08:48 +0100
Served asset /application.js - 200 OK (43ms)


Started GET "/assets/static_pages.js?body=1" for 10.0.2.2 at 2013-04-12 11:08:48 +0100
Served asset /static_pages.js - 200 OK (18ms)


Started GET "/assets/jquery.js?body=1" for 10.0.2.2 at 2013-04-12 11:08:48 +0100
Served asset /jquery.js - 200 OK (33ms)


Started GET "/assets/jquery_ujs.js?body=1" for 10.0.2.2 at 2013-04-12 11:08:48 +0100
Served asset /jquery_ujs.js - 200 OK (29ms)


Started GET "/assets/static_pages.css?body=1" for 10.0.2.2 at 2013-04-12 11:08:48 +0100
Served asset /static_pages.css - 200 OK (20ms)


Started GET "/assets/rails.png" for 10.0.2.2 at 2013-04-12 11:08:48 +0100
Served asset /rails.png - 200 OK (90ms)


Started GET "/static_pages/home" for 10.0.2.2 at 2013-04-12 11:12:21 +0100
Connecting to database specified by database.yml
Processing by StaticPagesController#home as HTML
  Rendered static_pages/home.html.erb within layouts/application (13.1ms)
Compiled custom.css  (4041ms)  (pid 1898)
Compiled application.css  (4150ms)  (pid 1898)
Completed 200 OK in 4663ms (Views: 4662.2ms | ActiveRecord: 0.0ms)


Started GET "/static_pages/home" for 10.0.2.2 at 2013-04-12 11:12:27 +0100
Processing by StaticPagesController#home as HTML
  Rendered static_pages/home.html.erb within layouts/application (0.4ms)
Completed 200 OK in 105ms (Views: 105.2ms | ActiveRecord: 0.0ms)


Started GET "/assets/application.css?body=1" for 10.0.2.2 at 2013-04-12 11:12:27 +0100
Served asset /application.css - 304 Not Modified (76ms)


Started GET "/assets/static_pages.css?body=1" for 10.0.2.2 at 2013-04-12 11:12:27 +0100
Served asset /static_pages.css - 304 Not Modified (21ms)


Started GET "/assets/custom.css?body=1" for 10.0.2.2 at 2013-04-12 11:12:28 +0100
Served asset /custom.css - 200 OK (33ms)


Started GET "/assets/jquery.js?body=1" for 10.0.2.2 at 2013-04-12 11:12:28 +0100
Served asset /jquery.js - 304 Not Modified (35ms)


Started GET "/assets/static_pages.js?body=1" for 10.0.2.2 at 2013-04-12 11:12:28 +0100
Served asset /static_pages.js - 304 Not Modified (18ms)


Started GET "/assets/jquery_ujs.js?body=1" for 10.0.2.2 at 2013-04-12 11:12:28 +0100
Served asset /jquery_ujs.js - 304 Not Modified (25ms)


Started GET "/assets/application.js?body=1" for 10.0.2.2 at 2013-04-12 11:12:28 +0100
Served asset /application.js - 304 Not Modified (66ms)


Started GET "/static_pages/home" for 10.0.2.2 at 2013-04-12 11:13:53 +0100
Connecting to database specified by database.yml
Processing by StaticPagesController#home as HTML
  Rendered static_pages/home.html.erb within layouts/application (8.9ms)
Compiled custom.css  (2055ms)  (pid 1911)
Compiled application.css  (4ms)  (pid 1911)
Completed 200 OK in 2644ms (Views: 2643.0ms | ActiveRecord: 0.0ms)


Started GET "/assets/jquery_ujs.js?body=1" for 10.0.2.2 at 2013-04-12 11:13:56 +0100
Served asset /jquery_ujs.js - 304 Not Modified (27ms)


Started GET "/assets/static_pages.js?body=1" for 10.0.2.2 at 2013-04-12 11:13:56 +0100
Served asset /static_pages.js - 304 Not Modified (15ms)


Started GET "/assets/jquery.js?body=1" for 10.0.2.2 at 2013-04-12 11:13:56 +0100
Served asset /jquery.js - 304 Not Modified (56ms)


Started GET "/assets/static_pages.css?body=1" for 10.0.2.2 at 2013-04-12 11:13:57 +0100
Served asset /static_pages.css - 304 Not Modified (19ms)


Started GET "/assets/custom.css?body=1" for 10.0.2.2 at 2013-04-12 11:13:57 +0100
Served asset /custom.css - 200 OK (27ms)


Started GET "/assets/application.css?body=1" for 10.0.2.2 at 2013-04-12 11:13:57 +0100
Served asset /application.css - 304 Not Modified (49ms)


Started GET "/assets/application.js?body=1" for 10.0.2.2 at 2013-04-12 11:13:57 +0100
Served asset /application.js - 304 Not Modified (36ms)


Started GET "/assets/rails.png" for 10.0.2.2 at 2013-04-12 11:13:57 +0100
Served asset /rails.png - 304 Not Modified (10ms)


Started GET "/static_pages/home" for 10.0.2.2 at 2013-04-12 11:15:00 +0100
Connecting to database specified by database.yml
Processing by StaticPagesController#home as HTML
  Rendered static_pages/home.html.erb within layouts/application (9.3ms)
Compiled custom.css  (2153ms)  (pid 1924)
Compiled application.css  (4ms)  (pid 1924)
Completed 200 OK in 2764ms (Views: 2763.7ms | ActiveRecord: 0.0ms)


Started GET "/assets/jquery_ujs.js?body=1" for 10.0.2.2 at 2013-04-12 11:15:03 +0100
Served asset /jquery_ujs.js - 304 Not Modified (26ms)


Started GET "/assets/static_pages.js?body=1" for 10.0.2.2 at 2013-04-12 11:15:04 +0100
Served asset /static_pages.js - 304 Not Modified (16ms)


Started GET "/assets/jquery.js?body=1" for 10.0.2.2 at 2013-04-12 11:15:04 +0100
Served asset /jquery.js - 304 Not Modified (36ms)


Started GET "/assets/static_pages.css?body=1" for 10.0.2.2 at 2013-04-12 11:15:04 +0100
Served asset /static_pages.css - 304 Not Modified (25ms)


Started GET "/assets/custom.css?body=1" for 10.0.2.2 at 2013-04-12 11:15:04 +0100
Served asset /custom.css - 200 OK (29ms)


Started GET "/assets/application.css?body=1" for 10.0.2.2 at 2013-04-12 11:15:04 +0100
Served asset /application.css - 304 Not Modified (79ms)


Started GET "/assets/application.js?body=1" for 10.0.2.2 at 2013-04-12 11:15:04 +0100
Served asset /application.js - 304 Not Modified (37ms)


Started GET "/assets/rails.png" for 10.0.2.2 at 2013-04-12 11:15:04 +0100
Served asset /rails.png - 304 Not Modified (10ms)


Started GET "/static_pages/home" for 10.0.2.2 at 2013-04-12 11:22:55 +0100
Connecting to database specified by database.yml
Processing by StaticPagesController#home as HTML
  Rendered static_pages/home.html.erb within layouts/application (8.8ms)
Compiled custom.css  (2125ms)  (pid 1957)
Compiled application.css  (4ms)  (pid 1957)
  Rendered layouts/_shim.html.erb (0.8ms)
Completed 500 Internal Server Error in 3212ms

ActionView::Template::Error (Missing partial layouts/header with {:locale=>[:en], :formats=>[:html], :handlers=>[:erb, :builder, :coffee]}. Searched in:
  * "/home/alu3837/DSI/p7/rails_projects/sample_app/app/views"
):
    8:     <%= render 'layouts/shim' %>    
    9:   </head>
    10:   <body>
    11:     <%= render 'layouts/header' %>
    12:     <div class="container">
    13:       <%= yield %>
    14:       <%= render 'layouts/footer' %>
  app/views/layouts/application.html.erb:11:in `_app_views_layouts_application_html_erb__643625229_87153960'


  Rendered /home/alu3837/.rvm/gems/ruby-1.9.3-p385/gems/actionpack-3.2.12/lib/action_dispatch/middleware/templates/rescues/_trace.erb (2.2ms)
  Rendered /home/alu3837/.rvm/gems/ruby-1.9.3-p385/gems/actionpack-3.2.12/lib/action_dispatch/middleware/templates/rescues/_request_and_response.erb (1.5ms)
  Rendered /home/alu3837/.rvm/gems/ruby-1.9.3-p385/gems/actionpack-3.2.12/lib/action_dispatch/middleware/templates/rescues/template_error.erb within rescues/layout (16.8ms)


Started GET "/static_pages/home" for 10.0.2.2 at 2013-04-12 11:23:58 +0100
Connecting to database specified by database.yml
Processing by StaticPagesController#home as HTML
  Rendered static_pages/home.html.erb within layouts/application (9.7ms)
  Rendered layouts/_shim.html.erb (0.8ms)
Completed 500 Internal Server Error in 439ms

ActionView::Template::Error (Missing partial layouts/header with {:locale=>[:en], :formats=>[:html], :handlers=>[:erb, :builder, :coffee]}. Searched in:
  * "/home/alu3837/DSI/p7/rails_projects/sample_app/app/views"
):
    8:     <%= render 'layouts/shim' %>    
    9:   </head>
    10:   <body>
    11:     <%= render 'layouts/header' %>
    12:     <div class="container">
    13:       <%= yield %>
    14:       <%= render 'layouts/footer' %>
  app/views/layouts/application.html.erb:11:in `_app_views_layouts_application_html_erb___895670540_78777430'


  Rendered /home/alu3837/.rvm/gems/ruby-1.9.3-p385/gems/actionpack-3.2.12/lib/action_dispatch/middleware/templates/rescues/_trace.erb (1.8ms)
  Rendered /home/alu3837/.rvm/gems/ruby-1.9.3-p385/gems/actionpack-3.2.12/lib/action_dispatch/middleware/templates/rescues/_request_and_response.erb (1.3ms)
  Rendered /home/alu3837/.rvm/gems/ruby-1.9.3-p385/gems/actionpack-3.2.12/lib/action_dispatch/middleware/templates/rescues/template_error.erb within rescues/layout (11.9ms)


Started GET "/static_pages/home" for 10.0.2.2 at 2013-04-12 11:24:04 +0100
Processing by StaticPagesController#home as HTML
  Rendered static_pages/home.html.erb within layouts/application (0.4ms)
  Rendered layouts/_shim.html.erb (0.2ms)
Completed 500 Internal Server Error in 179ms

ActionView::Template::Error (Missing partial layouts/header with {:locale=>[:en], :formats=>[:html], :handlers=>[:erb, :builder, :coffee]}. Searched in:
  * "/home/alu3837/DSI/p7/rails_projects/sample_app/app/views"
):
    8:     <%= render 'layouts/shim' %>    
    9:   </head>
    10:   <body>
    11:     <%= render 'layouts/header' %>
    12:     <div class="container">
    13:       <%= yield %>
    14:       <%= render 'layouts/footer' %>
  app/views/layouts/application.html.erb:11:in `_app_views_layouts_application_html_erb___895670540_78777430'


  Rendered /home/alu3837/.rvm/gems/ruby-1.9.3-p385/gems/actionpack-3.2.12/lib/action_dispatch/middleware/templates/rescues/_trace.erb (1.8ms)
  Rendered /home/alu3837/.rvm/gems/ruby-1.9.3-p385/gems/actionpack-3.2.12/lib/action_dispatch/middleware/templates/rescues/_request_and_response.erb (1.2ms)
  Rendered /home/alu3837/.rvm/gems/ruby-1.9.3-p385/gems/actionpack-3.2.12/lib/action_dispatch/middleware/templates/rescues/template_error.erb within rescues/layout (12.1ms)


Started GET "/static_pages/home" for 10.0.2.2 at 2013-04-12 11:24:16 +0100
Processing by StaticPagesController#home as HTML
  Rendered static_pages/home.html.erb within layouts/application (0.4ms)
  Rendered layouts/_shim.html.erb (0.2ms)
Completed 500 Internal Server Error in 173ms

ActionView::Template::Error (Missing partial layouts/header with {:locale=>[:en], :formats=>[:html], :handlers=>[:erb, :builder, :coffee]}. Searched in:
  * "/home/alu3837/DSI/p7/rails_projects/sample_app/app/views"
):
    8:     <%= render 'layouts/shim' %>    
    9:   </head>
    10:   <body>
    11:     <%= render 'layouts/header' %>
    12:     <div class="container">
    13:       <%= yield %>
    14:       <%= render 'layouts/footer' %>
  app/views/layouts/application.html.erb:11:in `_app_views_layouts_application_html_erb___895670540_78777430'


  Rendered /home/alu3837/.rvm/gems/ruby-1.9.3-p385/gems/actionpack-3.2.12/lib/action_dispatch/middleware/templates/rescues/_trace.erb (1.5ms)
  Rendered /home/alu3837/.rvm/gems/ruby-1.9.3-p385/gems/actionpack-3.2.12/lib/action_dispatch/middleware/templates/rescues/_request_and_response.erb (2.0ms)
  Rendered /home/alu3837/.rvm/gems/ruby-1.9.3-p385/gems/actionpack-3.2.12/lib/action_dispatch/middleware/templates/rescues/template_error.erb within rescues/layout (19.0ms)


Started GET "/static_pages/home" for 10.0.2.2 at 2013-04-12 11:30:13 +0100
Connecting to database specified by database.yml
Processing by StaticPagesController#home as HTML
  Rendered static_pages/home.html.erb within layouts/application (9.1ms)
  Rendered layouts/_shim.html.erb (0.5ms)
  Rendered layouts/_header.html.erb (0.8ms)
  Rendered layouts/_footer.html.erb (0.6ms)
Completed 200 OK in 408ms (Views: 407.1ms | ActiveRecord: 0.0ms)


Started GET "/assets/application.css?body=1" for 10.0.2.2 at 2013-04-12 11:30:14 +0100
Served asset /application.css - 304 Not Modified (67ms)


Started GET "/assets/custom.css?body=1" for 10.0.2.2 at 2013-04-12 11:30:14 +0100
Served asset /custom.css - 200 OK (37ms)


Started GET "/assets/jquery.js?body=1" for 10.0.2.2 at 2013-04-12 11:30:15 +0100
Served asset /jquery.js - 304 Not Modified (38ms)


Started GET "/assets/static_pages.css?body=1" for 10.0.2.2 at 2013-04-12 11:30:15 +0100
Served asset /static_pages.css - 304 Not Modified (27ms)


Started GET "/assets/jquery_ujs.js?body=1" for 10.0.2.2 at 2013-04-12 11:30:15 +0100
Served asset /jquery_ujs.js - 304 Not Modified (25ms)


Started GET "/assets/static_pages.js?body=1" for 10.0.2.2 at 2013-04-12 11:30:15 +0100
Served asset /static_pages.js - 304 Not Modified (18ms)


Started GET "/assets/application.js?body=1" for 10.0.2.2 at 2013-04-12 11:30:15 +0100
Served asset /application.js - 304 Not Modified (76ms)


Started GET "/assets/rails.png" for 10.0.2.2 at 2013-04-12 11:30:15 +0100
Served asset /rails.png - 304 Not Modified (12ms)


Started GET "/static_pages/home" for 10.0.2.2 at 2013-04-12 11:32:06 +0100
Connecting to database specified by database.yml
Processing by StaticPagesController#home as HTML
  Rendered static_pages/home.html.erb within layouts/application (8.5ms)
  Rendered layouts/_shim.html.erb (0.5ms)
  Rendered layouts/_header.html.erb (0.8ms)
  Rendered layouts/_footer.html.erb (0.6ms)
Completed 200 OK in 398ms (Views: 397.5ms | ActiveRecord: 0.0ms)


Started GET "/assets/application.css?body=1" for 10.0.2.2 at 2013-04-12 11:32:07 +0100
Served asset /application.css - 304 Not Modified (62ms)


Started GET "/assets/custom.css?body=1" for 10.0.2.2 at 2013-04-12 11:32:08 +0100
Served asset /custom.css - 304 Not Modified (32ms)


Started GET "/assets/jquery.js?body=1" for 10.0.2.2 at 2013-04-12 11:32:08 +0100
Served asset /jquery.js - 304 Not Modified (30ms)


Started GET "/assets/static_pages.css?body=1" for 10.0.2.2 at 2013-04-12 11:32:08 +0100
Served asset /static_pages.css - 304 Not Modified (22ms)


Started GET "/assets/jquery_ujs.js?body=1" for 10.0.2.2 at 2013-04-12 11:32:08 +0100
Served asset /jquery_ujs.js - 304 Not Modified (27ms)


Started GET "/assets/static_pages.js?body=1" for 10.0.2.2 at 2013-04-12 11:32:08 +0100
Served asset /static_pages.js - 304 Not Modified (16ms)


Started GET "/assets/application.js?body=1" for 10.0.2.2 at 2013-04-12 11:32:08 +0100
Served asset /application.js - 304 Not Modified (63ms)


Started GET "/assets/rails.png" for 10.0.2.2 at 2013-04-12 11:32:08 +0100
Served asset /rails.png - 304 Not Modified (11ms)
